<?xml version="1.0" encoding="UTF-8"?>
<testsuite xmlns:xsi="http://www.w3.org/2001/XMLSchema-instance" xsi:noNamespaceSchemaLocation="https://maven.apache.org/surefire/maven-surefire-plugin/xsd/surefire-test-report.xsd" version="3.0.2" name="PublisherConfirmsTest" time="8.737" tests="7" errors="0" skipped="0" failures="0">
  <properties>
[...]
</properties>
  <testcase name="publishMessagesIndividually" classname="PublisherConfirmsTest" time="4.769">
    <system-out><![CDATA[publish messages individually: 2116 messages/second
]]></system-out>
  </testcase>
  <testcase name="resendUnconfirmedMessagesIntegration" classname="PublisherConfirmsTest" time="0.569">
    <system-out><![CDATA[resend unconfirmed messages: 18361 messages/second
]]></system-out>
  </testcase>
  <testcase name="resendUnconfirmedMessagesUseLowerBoundAndConcurrentMapIntegration" classname="PublisherConfirmsTest" time="0.619">
    <system-out><![CDATA[resend unconfirmed messages with lower bound and map confirm handling: 16951 messages/second
]]></system-out>
  </testcase>
  <testcase name="publishMessagesInBatch" classname="PublisherConfirmsTest" time="0.566">
    <system-out><![CDATA[publish messages in batch: 18358 messages/second
]]></system-out>
  </testcase>
  <testcase name="resendUnconfirmedMessagesUseLowerBoundAndConcurrentMapMock" classname="PublisherConfirmsTest" time="1.291">
    <system-out><![CDATA[resend unconfirmed messages with lower bound and map confirm handling (mock): 7762 messages/second
]]></system-out>
    <system-err><![CDATA[Mockito is currently self-attaching to enable the inline-mock-maker. This will no longer work in future releases of the JDK. Please add Mockito as an agent to your build as described in Mockito's documentation: https://javadoc.io/doc/org.mockito/mockito-core/latest/org/mockito/Mockito.html#0.3
]]></system-err>
  </testcase>
  <testcase name="allowMaxOfOutstandingConfirms" classname="PublisherConfirmsTest" time="0.652">
    <system-out><![CDATA[allow max of outstanding confirms: 15843 messages/second
]]></system-out>
  </testcase>
  <testcase name="resendUnconfirmedMessagesMock" classname="PublisherConfirmsTest" time="0.227">
    <system-out><![CDATA[resend unconfirmed messages (mock): 44369 messages/second
]]></system-out>
  </testcase>
</testsuite>